*** BCVTB client log file.
*************************.
Writing to socket at time = 8.640000e+04
Assembling buffer.
Write to socket with fd = 15
Buffer        = 2 0 9 0 0 8.640000000000000e+04 6.000000000000000e+00 1.000000000000000e+00 2.400000000000000e+01 1.000000000000000e+00 0.000000000000000e+00 1.330000000000000e+01 6.900000000000000e+01 4.817700432452397e+04 1.406884169284622e+05 

Wrote 231 characters to socket.
Reading from socket.
In readbufferfromsocket: Read 4 chars, maximum is 21798.
Error while disassembling the header of the buffer.
Disassembled buffer.
Finished exchanging data with socket: simTimRea=6.953210e-310, flag=1.
Assembling buffer.
Write to socket with fd = 15
Buffer        = 2 -20 

Wrote 7 characters to socket.
sendclientmessage wrote flag -20, return value = 7.
In readbufferfromsocket: Read -1 chars, maximum is 21798.
Assembling buffer.
Write to socket with fd = 15
Buffer        = 2 -1 

Error writing to socket: Return value = -1.
Error writing to socket: Broken pipe
sendclientmessage wrote flag -1, return value = -1.
