*** BCVTB client log file.
*************************.
Writing to socket at time = 2.678400e+06
Assembling buffer.
Write to socket with fd = 15
Buffer        = 2 0 9 0 0 2.678400000000000e+06 8.000000000000000e+00 3.100000000000000e+01 2.400000000000000e+01 1.000000000000000e+00 0.000000000000000e+00 1.630000000000000e+01 9.000000000000000e+01 6.731454955525482e+04 1.598731958047412e+05 

Wrote 231 characters to socket.
Reading from socket.
In readbufferfromsocket: Read 4 chars, maximum is 21798.
Error while disassembling the header of the buffer.
Disassembled buffer.
Finished exchanging data with socket: simTimRea=1.265796e-320, flag=1.
Assembling buffer.
Write to socket with fd = 15
Buffer        = 2 -20 

Wrote 7 characters to socket.
sendclientmessage wrote flag -20, return value = 7.
In readbufferfromsocket: Read 0 chars, maximum is 21798.
Assembling buffer.
Write to socket with fd = 15
Buffer        = 2 -1 

Wrote 6 characters to socket.
sendclientmessage wrote flag -1, return value = 6.
In readbufferfromsocket: Read 0 chars, maximum is 21798.
